F:\ \IGRAPHICS\IGRAPHICSULTIMATE\IGRAPHICS PROJECT\DEBUG\IGRAPHICS PROJECT.EXE
F:\ \IGRAPHICS\IGRAPHICSULTIMATE\IGRAPHICS PROJECT\DEBUG\IGRAPHICS PROJECT.ILK
F:\ \IGRAPHICS\IGRAPHICSULTIMATE\IGRAPHICS PROJECT\DEBUG\IGRAPHICS PROJECT.PDB
F:\ \IGRAPHICS\IGRAPHICSULTIMATE\IGRAPHICS PROJECT\IGRAPHICS PROJECT\DEBUG\IGRAPHICS PROJECT.EXE.INTERMEDIATE.MANIFEST
F:\ \IGRAPHICS\IGRAPHICSULTIMATE\IGRAPHICS PROJECT\IGRAPHICS PROJECT\DEBUG\IMAGEDEMO.OBJ
F:\ \IGRAPHICS\IGRAPHICSULTIMATE\IGRAPHICS PROJECT\IGRAPHICS PROJECT\DEBUG\IMAIN.OBJ
F:\ \IGRAPHICS\IGRAPHICSULTIMATE\IGRAPHICS PROJECT\IGRAPHICS PROJECT\DEBUG\VC100.PDB
F:\SOFTWAR-1 LAB(1200)\IGRAPHICSULTIMATE-20180522T211914Z-001\IGRAPHICSULTIMATE\IGRAPHICS PROJECT\DEBUG\IGRAPHICS PROJECT.EXE
F:\SOFTWAR-1 LAB(1200)\IGRAPHICSULTIMATE-20180522T211914Z-001\IGRAPHICSULTIMATE\IGRAPHICS PROJECT\DEBUG\IGRAPHICS PROJECT.ILK
F:\SOFTWAR-1 LAB(1200)\IGRAPHICSULTIMATE-20180522T211914Z-001\IGRAPHICSULTIMATE\IGRAPHICS PROJECT\DEBUG\IGRAPHICS PROJECT.PDB
F:\SOFTWAR-1 LAB(1200)\IGRAPHICSULTIMATE-20180522T211914Z-001\IGRAPHICSULTIMATE\IGRAPHICS PROJECT\IGRAPHICS PROJECT\DEBUG\IGRAPHICS PROJECT.EXE.INTERMEDIATE.MANIFEST
F:\SOFTWAR-1 LAB(1200)\IGRAPHICSULTIMATE-20180522T211914Z-001\IGRAPHICSULTIMATE\IGRAPHICS PROJECT\IGRAPHICS PROJECT\DEBUG\IMAIN.OBJ
F:\SOFTWAR-1 LAB(1200)\IGRAPHICSULTIMATE-20180522T211914Z-001\IGRAPHICSULTIMATE\IGRAPHICS PROJECT\IGRAPHICS PROJECT\DEBUG\VC100.PDB
H:\ \IGRAPHICS\IGRAPHICSULTIMATE\IGRAPHICS PROJECT\DEBUG\IGRAPHICS PROJECT.EXE
H:\ \IGRAPHICS\IGRAPHICSULTIMATE\IGRAPHICS PROJECT\DEBUG\IGRAPHICS PROJECT.ILK
H:\ \IGRAPHICS\IGRAPHICSULTIMATE\IGRAPHICS PROJECT\DEBUG\IGRAPHICS PROJECT.PDB
H:\ \IGRAPHICS\IGRAPHICSULTIMATE\IGRAPHICS PROJECT\IGRAPHICS PROJECT\DEBUG\IGRAPHICS PROJECT.EXE.INTERMEDIATE.MANIFEST
H:\ \IGRAPHICS\IGRAPHICSULTIMATE\IGRAPHICS PROJECT\IGRAPHICS PROJECT\DEBUG\IMAIN.OBJ
H:\ \IGRAPHICS\IGRAPHICSULTIMATE\IGRAPHICS PROJECT\IGRAPHICS PROJECT\DEBUG\VC100.PDB
I:\TEACHING\AUST\CSE 1200 - SOFTWARE DEVELOPMENT II\FALL 19\IGRAPHICS\IGRAPHICS ADVANCE\IGRAPHICSULTIMATE\IGRAPHICS PROJECT\DEBUG\IGRAPHICS PROJECT.EXE
I:\TEACHING\AUST\CSE 1200 - SOFTWARE DEVELOPMENT II\FALL 19\IGRAPHICS\IGRAPHICS ADVANCE\IGRAPHICSULTIMATE\IGRAPHICS PROJECT\DEBUG\IGRAPHICS PROJECT.ILK
I:\TEACHING\AUST\CSE 1200 - SOFTWARE DEVELOPMENT II\FALL 19\IGRAPHICS\IGRAPHICS ADVANCE\IGRAPHICSULTIMATE\IGRAPHICS PROJECT\DEBUG\IGRAPHICS PROJECT.PDB
I:\TEACHING\AUST\CSE 1200 - SOFTWARE DEVELOPMENT II\FALL 19\IGRAPHICS\IGRAPHICS ADVANCE\IGRAPHICSULTIMATE\IGRAPHICS PROJECT\IGRAPHICS PROJECT\DEBUG\BALLDEMO.OBJ
I:\TEACHING\AUST\CSE 1200 - SOFTWARE DEVELOPMENT II\FALL 19\IGRAPHICS\IGRAPHICS ADVANCE\IGRAPHICSULTIMATE\IGRAPHICS PROJECT\IGRAPHICS PROJECT\DEBUG\BALLDEMO2.OBJ
I:\TEACHING\AUST\CSE 1200 - SOFTWARE DEVELOPMENT II\FALL 19\IGRAPHICS\IGRAPHICS ADVANCE\IGRAPHICSULTIMATE\IGRAPHICS PROJECT\IGRAPHICS PROJECT\DEBUG\IGRAPHICS PROJECT.EXE.INTERMEDIATE.MANIFEST
I:\TEACHING\AUST\CSE 1200 - SOFTWARE DEVELOPMENT II\FALL 19\IGRAPHICS\IGRAPHICS ADVANCE\IGRAPHICSULTIMATE\IGRAPHICS PROJECT\IGRAPHICS PROJECT\DEBUG\IMAGEDEMO.OBJ
I:\TEACHING\AUST\CSE 1200 - SOFTWARE DEVELOPMENT II\FALL 19\IGRAPHICS\IGRAPHICS ADVANCE\IGRAPHICSULTIMATE\IGRAPHICS PROJECT\IGRAPHICS PROJECT\DEBUG\IMAIN.OBJ
I:\TEACHING\AUST\CSE 1200 - SOFTWARE DEVELOPMENT II\FALL 19\IGRAPHICS\IGRAPHICS ADVANCE\IGRAPHICSULTIMATE\IGRAPHICS PROJECT\IGRAPHICS PROJECT\DEBUG\MOUSEDEMO.OBJ
I:\TEACHING\AUST\CSE 1200 - SOFTWARE DEVELOPMENT II\FALL 19\IGRAPHICS\IGRAPHICS ADVANCE\IGRAPHICSULTIMATE\IGRAPHICS PROJECT\IGRAPHICS PROJECT\DEBUG\PICTUREDEMO.OBJ
I:\TEACHING\AUST\CSE 1200 - SOFTWARE DEVELOPMENT II\FALL 19\IGRAPHICS\IGRAPHICS ADVANCE\IGRAPHICSULTIMATE\IGRAPHICS PROJECT\IGRAPHICS PROJECT\DEBUG\TEXTINPUTDEMO.OBJ
I:\TEACHING\AUST\CSE 1200 - SOFTWARE DEVELOPMENT II\FALL 19\IGRAPHICS\IGRAPHICS ADVANCE\IGRAPHICSULTIMATE\IGRAPHICS PROJECT\IGRAPHICS PROJECT\DEBUG\VC100.PDB
I:\TEACHING\AUST\CSE 1200 - SOFTWARE DEVELOPMENT II\FALL 19\IGRAPHICS\IGRAPHICS ALL (JUNAED)\IGRAPHICS PROJECT\DEBUG\IGRAPHICS PROJECT.EXE
I:\TEACHING\AUST\CSE 1200 - SOFTWARE DEVELOPMENT II\FALL 19\IGRAPHICS\IGRAPHICS ALL (JUNAED)\IGRAPHICS PROJECT\DEBUG\IGRAPHICS PROJECT.ILK
I:\TEACHING\AUST\CSE 1200 - SOFTWARE DEVELOPMENT II\FALL 19\IGRAPHICS\IGRAPHICS ALL (JUNAED)\IGRAPHICS PROJECT\DEBUG\IGRAPHICS PROJECT.PDB
I:\TEACHING\AUST\CSE 1200 - SOFTWARE DEVELOPMENT II\FALL 19\IGRAPHICS\IGRAPHICS ALL (JUNAED)\IGRAPHICS PROJECT\IGRAPHICS PROJECT\DEBUG\BALLDEMO.OBJ
I:\TEACHING\AUST\CSE 1200 - SOFTWARE DEVELOPMENT II\FALL 19\IGRAPHICS\IGRAPHICS ALL (JUNAED)\IGRAPHICS PROJECT\IGRAPHICS PROJECT\DEBUG\BALLDEMO2.OBJ
I:\TEACHING\AUST\CSE 1200 - SOFTWARE DEVELOPMENT II\FALL 19\IGRAPHICS\IGRAPHICS ALL (JUNAED)\IGRAPHICS PROJECT\IGRAPHICS PROJECT\DEBUG\IGRAPHICS PROJECT.EXE.INTERMEDIATE.MANIFEST
I:\TEACHING\AUST\CSE 1200 - SOFTWARE DEVELOPMENT II\FALL 19\IGRAPHICS\IGRAPHICS ALL (JUNAED)\IGRAPHICS PROJECT\IGRAPHICS PROJECT\DEBUG\IMAGEDEMO.OBJ
I:\TEACHING\AUST\CSE 1200 - SOFTWARE DEVELOPMENT II\FALL 19\IGRAPHICS\IGRAPHICS ALL (JUNAED)\IGRAPHICS PROJECT\IGRAPHICS PROJECT\DEBUG\MYDEMO.OBJ
I:\TEACHING\AUST\CSE 1200 - SOFTWARE DEVELOPMENT II\FALL 19\IGRAPHICS\IGRAPHICS ALL (JUNAED)\IGRAPHICS PROJECT\IGRAPHICS PROJECT\DEBUG\PICTUREDEMO.OBJ
I:\TEACHING\AUST\CSE 1200 - SOFTWARE DEVELOPMENT II\FALL 19\IGRAPHICS\IGRAPHICS ALL (JUNAED)\IGRAPHICS PROJECT\IGRAPHICS PROJECT\DEBUG\VC100.PDB
K:\AUST\1 YEAR 2 SEMESTER\CSE1200 (SOFTWARE DEVELOPMENT - I) — FALL 2020 A, B, C\IGRAPHICS\IGRAPHICS PROJECT\DEBUG\IGRAPHICS PROJECT.EXE
K:\AUSt\1 year 2 semester\CSE1200 (Software Development - I) — Fall 2020 A, B, C\iGraphics\iGraphics Project\Debug\iGraphics Project.pdb
K:\AUST\1 YEAR 2 SEMESTER\CSE1200 (SOFTWARE DEVELOPMENT - I) — FALL 2020 A, B, C\IGRAPHICS\IGRAPHICS PROJECT\IGRAPHICS PROJECT\DEBUG\BALLDEMO.OBJ
K:\AUST\1 YEAR 2 SEMESTER\CSE1200 (SOFTWARE DEVELOPMENT - I) — FALL 2020 A, B, C\IGRAPHICS\IGRAPHICS PROJECT\IGRAPHICS PROJECT\DEBUG\BALLDEMO2.OBJ
K:\AUSt\1 year 2 semester\CSE1200 (Software Development - I) — Fall 2020 A, B, C\iGraphics\iGraphics Project\iGraphics Project\Debug\cl.command.1.tlog
K:\AUSt\1 year 2 semester\CSE1200 (Software Development - I) — Fall 2020 A, B, C\iGraphics\iGraphics Project\iGraphics Project\Debug\CL.read.1.tlog
K:\AUSt\1 year 2 semester\CSE1200 (Software Development - I) — Fall 2020 A, B, C\iGraphics\iGraphics Project\iGraphics Project\Debug\CL.write.1.tlog
K:\AUSt\1 year 2 semester\CSE1200 (Software Development - I) — Fall 2020 A, B, C\iGraphics\iGraphics Project\iGraphics Project\Debug\iGraphics Project.exe.intermediate.manifest
K:\AUSt\1 year 2 semester\CSE1200 (Software Development - I) — Fall 2020 A, B, C\iGraphics\iGraphics Project\iGraphics Project\Debug\iGraphics Project.exe.intermediate.manifest.xml
K:\AUSt\1 year 2 semester\CSE1200 (Software Development - I) — Fall 2020 A, B, C\iGraphics\iGraphics Project\iGraphics Project\Debug\iGraphics Project.vcxprojResolveAssemblyReference.cache
K:\AUSt\1 year 2 semester\CSE1200 (Software Development - I) — Fall 2020 A, B, C\iGraphics\iGraphics Project\iGraphics Project\Debug\iGraphics Project.write.1.tlog
K:\AUSt\1 year 2 semester\CSE1200 (Software Development - I) — Fall 2020 A, B, C\iGraphics\iGraphics Project\iGraphics Project\Debug\imagedemo.obj
K:\AUSt\1 year 2 semester\CSE1200 (Software Development - I) — Fall 2020 A, B, C\iGraphics\iGraphics Project\iGraphics Project\Debug\iMain.obj
K:\AUSt\1 year 2 semester\CSE1200 (Software Development - I) — Fall 2020 A, B, C\iGraphics\iGraphics Project\iGraphics Project\Debug\link.command.1.tlog
K:\AUSt\1 year 2 semester\CSE1200 (Software Development - I) — Fall 2020 A, B, C\iGraphics\iGraphics Project\iGraphics Project\Debug\link.read.1.tlog
K:\AUSt\1 year 2 semester\CSE1200 (Software Development - I) — Fall 2020 A, B, C\iGraphics\iGraphics Project\iGraphics Project\Debug\link.write.1.tlog
K:\AUSt\1 year 2 semester\CSE1200 (Software Development - I) — Fall 2020 A, B, C\iGraphics\iGraphics Project\iGraphics Project\Debug\MouseDemo.obj
K:\AUSt\1 year 2 semester\CSE1200 (Software Development - I) — Fall 2020 A, B, C\iGraphics\iGraphics Project\iGraphics Project\Debug\mt.command.1.tlog
K:\AUSt\1 year 2 semester\CSE1200 (Software Development - I) — Fall 2020 A, B, C\iGraphics\iGraphics Project\iGraphics Project\Debug\mt.read.1.tlog
K:\AUSt\1 year 2 semester\CSE1200 (Software Development - I) — Fall 2020 A, B, C\iGraphics\iGraphics Project\iGraphics Project\Debug\mt.write.1.tlog
K:\AUSt\1 year 2 semester\CSE1200 (Software Development - I) — Fall 2020 A, B, C\iGraphics\iGraphics Project\iGraphics Project\Debug\myDemo.obj
K:\AUST\1 YEAR 2 SEMESTER\CSE1200 (SOFTWARE DEVELOPMENT - I) — FALL 2020 A, B, C\IGRAPHICS\IGRAPHICS PROJECT\IGRAPHICS PROJECT\DEBUG\PICTUREDEMO.OBJ
K:\AUSt\1 year 2 semester\CSE1200 (Software Development - I) — Fall 2020 A, B, C\iGraphics\iGraphics Project\iGraphics Project\Debug\TextInputDemo.obj
K:\AUSt\1 year 2 semester\CSE1200 (Software Development - I) — Fall 2020 A, B, C\iGraphics\iGraphics Project\iGraphics Project\Debug\vc100.idb
K:\AUST\1 YEAR 2 SEMESTER\CSE1200 (SOFTWARE DEVELOPMENT - I) — FALL 2020 A, B, C\IGRAPHICS\IGRAPHICS PROJECT\IGRAPHICS PROJECT\DEBUG\VC100.PDB
